Determining if the pthread_create exist failed with the following output:
Change Dir: /home/workspace/rb-world/home/catkin_ws/build/CMakeFiles/CMakeTmp

Run Build Command:"/usr/bin/make" "cmTC_ac2f5/fast"
/usr/bin/make -f CMakeFiles/cmTC_ac2f5.dir/build.make CMakeFiles/cmTC_ac2f5.dir/build
make[1]: Entering directory '/home/workspace/rb-world/home/catkin_ws/build/CMakeFiles/CMakeTmp'
Building C object CMakeFiles/cmTC_ac2f5.dir/CheckSymbolExists.c.o
/usr/bin/cc    -o CMakeFiles/cmTC_ac2f5.dir/CheckSymbolExists.c.o   -c /home/workspace/rb-world/home/catkin_ws/build/CMakeFiles/CMakeTmp/CheckSymbolExists.c
Linking C executable cmTC_ac2f5
/usr/local/bin/cmake -E cmake_link_script CMakeFiles/cmTC_ac2f5.dir/link.txt --verbose=1
/usr/bin/cc      -rdynamic CMakeFiles/cmTC_ac2f5.dir/CheckSymbolExists.c.o  -o cmTC_ac2f5 
CMakeFiles/cmTC_ac2f5.dir/CheckSymbolExists.c.o: In function `main':
CheckSymbolExists.c:(.text+0x16): undefined reference to `pthread_create'
collect2: error: ld returned 1 exit status
CMakeFiles/cmTC_ac2f5.dir/build.make:86: recipe for target 'cmTC_ac2f5' failed
make[1]: *** [cmTC_ac2f5] Error 1
make[1]: Leaving directory '/home/workspace/rb-world/home/catkin_ws/build/CMakeFiles/CMakeTmp'
Makefile:121: recipe for target 'cmTC_ac2f5/fast' failed
make: *** [cmTC_ac2f5/fast] Error 2

File /home/workspace/rb-world/home/catkin_ws/build/CMakeFiles/CMakeTmp/CheckSymbolExists.c:
/* */
#include <pthread.h>

int main(int argc, char** argv)
{
  (void)argv;
#ifndef pthread_create
  return ((int*)(&pthread_create))[argc];
#else
  (void)argc;
  return 0;
#endif
}

Determining if the function pthread_create exists in the pthreads failed with the following output:
Change Dir: /home/workspace/rb-world/home/catkin_ws/build/CMakeFiles/CMakeTmp

Run Build Command:"/usr/bin/make" "cmTC_9eeb5/fast"
/usr/bin/make -f CMakeFiles/cmTC_9eeb5.dir/build.make CMakeFiles/cmTC_9eeb5.dir/build
make[1]: Entering directory '/home/workspace/rb-world/home/catkin_ws/build/CMakeFiles/CMakeTmp'
Building C object CMakeFiles/cmTC_9eeb5.dir/CheckFunctionExists.c.o
/usr/bin/cc   -DCHECK_FUNCTION_EXISTS=pthread_create   -o CMakeFiles/cmTC_9eeb5.dir/CheckFunctionExists.c.o   -c /usr/local/share/cmake-3.13/Modules/CheckFunctionExists.c
Linking C executable cmTC_9eeb5
/usr/local/bin/cmake -E cmake_link_script CMakeFiles/cmTC_9eeb5.dir/link.txt --verbose=1
/usr/bin/cc  -DCHECK_FUNCTION_EXISTS=pthread_create    -rdynamic CMakeFiles/cmTC_9eeb5.dir/CheckFunctionExists.c.o  -o cmTC_9eeb5 -lpthreads 
/usr/bin/ld: cannot find -lpthreads
collect2: error: ld returned 1 exit status
CMakeFiles/cmTC_9eeb5.dir/build.make:86: recipe for target 'cmTC_9eeb5' failed
make[1]: *** [cmTC_9eeb5] Error 1
make[1]: Leaving directory '/home/workspace/rb-world/home/catkin_ws/build/CMakeFiles/CMakeTmp'
Makefile:121: recipe for target 'cmTC_9eeb5/fast' failed
make: *** [cmTC_9eeb5/fast] Error 2


