Determining if the pthread_create exist failed with the following output:
Change Dir: /home/workspace/rb-world/catkin_ws/build/CMakeFiles/CMakeTmp

Run Build Command:"/usr/bin/make" "cmTC_aca75/fast"
/usr/bin/make -f CMakeFiles/cmTC_aca75.dir/build.make CMakeFiles/cmTC_aca75.dir/build
make[1]: Entering directory '/home/workspace/rb-world/catkin_ws/build/CMakeFiles/CMakeTmp'
Building C object CMakeFiles/cmTC_aca75.dir/CheckSymbolExists.c.o
/usr/bin/cc     -o CMakeFiles/cmTC_aca75.dir/CheckSymbolExists.c.o   -c /home/workspace/rb-world/catkin_ws/build/CMakeFiles/CMakeTmp/CheckSymbolExists.c
Linking C executable cmTC_aca75
/usr/bin/cmake -E cmake_link_script CMakeFiles/cmTC_aca75.dir/link.txt --verbose=1
/usr/bin/cc       CMakeFiles/cmTC_aca75.dir/CheckSymbolExists.c.o  -o cmTC_aca75 -rdynamic 
CMakeFiles/cmTC_aca75.dir/CheckSymbolExists.c.o: In function `main':
CheckSymbolExists.c:(.text+0x16): undefined reference to `pthread_create'
collect2: error: ld returned 1 exit status
CMakeFiles/cmTC_aca75.dir/build.make:97: recipe for target 'cmTC_aca75' failed
make[1]: *** [cmTC_aca75] Error 1
make[1]: Leaving directory '/home/workspace/rb-world/catkin_ws/build/CMakeFiles/CMakeTmp'
Makefile:126: recipe for target 'cmTC_aca75/fast' failed
make: *** [cmTC_aca75/fast] Error 2

File /home/workspace/rb-world/catkin_ws/build/CMakeFiles/CMakeTmp/CheckSymbolExists.c:
/* */
#include <pthread.h>

int main(int argc, char** argv)
{
  (void)argv;
#ifndef pthread_create
  return ((int*)(&pthread_create))[argc];
#else
  (void)argc;
  return 0;
#endif
}

Determining if the function pthread_create exists in the pthreads failed with the following output:
Change Dir: /home/workspace/rb-world/catkin_ws/build/CMakeFiles/CMakeTmp

Run Build Command:"/usr/bin/make" "cmTC_77b96/fast"
/usr/bin/make -f CMakeFiles/cmTC_77b96.dir/build.make CMakeFiles/cmTC_77b96.dir/build
make[1]: Entering directory '/home/workspace/rb-world/catkin_ws/build/CMakeFiles/CMakeTmp'
Building C object CMakeFiles/cmTC_77b96.dir/CheckFunctionExists.c.o
/usr/bin/cc    -DCHECK_FUNCTION_EXISTS=pthread_create   -o CMakeFiles/cmTC_77b96.dir/CheckFunctionExists.c.o   -c /usr/share/cmake-3.5/Modules/CheckFunctionExists.c
Linking C executable cmTC_77b96
/usr/bin/cmake -E cmake_link_script CMakeFiles/cmTC_77b96.dir/link.txt --verbose=1
/usr/bin/cc   -DCHECK_FUNCTION_EXISTS=pthread_create    CMakeFiles/cmTC_77b96.dir/CheckFunctionExists.c.o  -o cmTC_77b96 -rdynamic -lpthreads 
/usr/bin/ld: cannot find -lpthreads
collect2: error: ld returned 1 exit status
CMakeFiles/cmTC_77b96.dir/build.make:97: recipe for target 'cmTC_77b96' failed
make[1]: *** [cmTC_77b96] Error 1
make[1]: Leaving directory '/home/workspace/rb-world/catkin_ws/build/CMakeFiles/CMakeTmp'
Makefile:126: recipe for target 'cmTC_77b96/fast' failed
make: *** [cmTC_77b96/fast] Error 2


